#
# There is insufficient memory for the Java Runtime Environment to continue.
# Native memory allocation (mmap) failed to map 98566144 bytes for G1 virtual space
# Possible reasons:
#   The system is out of physical RAM or swap space
#   The process is running with CompressedOops enabled, and the Java Heap may be blocking the growth of the native heap
# Possible solutions:
#   Reduce memory load on the system
#   Increase physical memory or swap space
#   Check if swap backing store is full
#   Decrease Java heap size (-Xmx/-Xms)
#   Decrease number of Java threads
#   Decrease Java thread stack sizes (-Xss)
#   Set larger code cache with -XX:ReservedCodeCacheSize=
#   JVM is running with Unscaled Compressed Oops mode in which the Java heap is
#     placed in the first 4GB address space. The Java Heap base address is the
#     maximum limit for the native heap growth. Please use -XX:HeapBaseMinAddress
#     to set the Java Heap base and to place the Java Heap above 4GB virtual address.
# This output file may be truncated or incomplete.
#
#  Out of Memory Error (os_windows.cpp:3548), pid=24320, tid=13632
#
# JRE version:  (17.0.10+11) (build )
# Java VM: Java HotSpot(TM) 64-Bit Server VM (17.0.10+11-LTS-240, mixed mode, sharing, tiered, compressed oops, compressed class ptrs, g1 gc, windows-amd64)
# No core dump will be written. Minidumps are not enabled by default on client versions of Windows
#

---------------  S U M M A R Y ------------

Command Line: org.jetbrains.kotlin.cli.jvm.K2JVMCompiler @C:\Users\LENOVO\Downloads\ATS-Developer\ATS-Developer\android\app\build\20250409_13229179306729197812.compiler.options

Host: AMD Ryzen 7 5700U with Radeon Graphics         , 16 cores, 5G,  Windows 11 , 64 bit Build 22621 (10.0.22621.4974)
Time: Wed Apr  9 21:17:19 2025 SE Asia Standard Time elapsed time: 0.022220 seconds (0d 0h 0m 0s)

---------------  T H R E A D  ---------------

Current thread (0x0000022193d4add0):  JavaThread "Unknown thread" [_thread_in_vm, id=13632, stack(0x0000004849300000,0x0000004849400000)]

Stack: [0x0000004849300000,0x0000004849400000]
Native frames: (J=compiled Java code, j=interpreted, Vv=VM code, C=native code)
V  [jvm.dll+0x677a5a]
V  [jvm.dll+0x7d8b2d]
V  [jvm.dll+0x7da48e]
V  [jvm.dll+0x7daaf3]
V  [jvm.dll+0x2455ff]
V  [jvm.dll+0x6749b9]
V  [jvm.dll+0x669382]
V  [jvm.dll+0x302e96]
V  [jvm.dll+0x30a416]
V  [jvm.dll+0x359cbe]
V  [jvm.dll+0x359eef]
V  [jvm.dll+0x2d9e88]
V  [jvm.dll+0x2dadf4]
V  [jvm.dll+0x7aa551]
V  [jvm.dll+0x367911]
V  [jvm.dll+0x789639]
V  [jvm.dll+0x3eb30f]
V  [jvm.dll+0x3ecd91]
C  [jli.dll+0x5297]
C  [ucrtbase.dll+0x29333]
C  [KERNEL32.DLL+0x1259d]
C  [ntdll.dll+0x5af38]


---------------  P R O C E S S  ---------------

Threads class SMR info:
_java_thread_list=0x00007ffd1b546a18, length=0, elements={
}

Java Threads: ( => current thread )

Other Threads:
  0x0000022193d95930 GCTaskThread "GC Thread#0" [stack: 0x0000004849400000,0x0000004849500000] [id=24684]
  0x0000022193da2440 ConcurrentGCThread "G1 Main Marker" [stack: 0x0000004849500000,0x0000004849600000] [id=12856]
  0x0000022193da3460 ConcurrentGCThread "G1 Conc#0" [stack: 0x0000004849600000,0x0000004849700000] [id=17236]

[error occurred during error reporting (printing all threads), id 0xc0000005, EXCEPTION_ACCESS_VIOLATION (0xc0000005) at pc=0x00007ffd1ad7aae7]

VM state: not at safepoint (not fully initialized)

VM Mutex/Monitor currently owned by a thread:  ([mutex/lock_event])
[0x0000022193d45530] Heap_lock - owner thread: 0x0000022193d4add0

Heap address: 0x00000000a2200000, size: 1502 MB, Compressed Oops mode: 32-bit

CDS archive(s) mapped at: [0x0000000000000000-0x0000000000000000-0x0000000000000000), size 0, SharedBaseAddress: 0x0000000800000000, ArchiveRelocationMode: 1.
Narrow klass base: 0x0000000000000000, Narrow klass shift: 0, Narrow klass range: 0x0

GC Precious Log:
<Empty>

Heap:
 garbage-first heap   total 0K, used 0K [0x00000000a2200000, 0x0000000100000000)
  region size 1024K, 0 young (0K), 0 survivors (0K)

[error occurred during error reporting (printing heap information), id 0xc0000005, EXCEPTION_ACCESS_VIOLATION (0xc0000005) at pc=0x00007ffd1b161249]

GC Heap History (0 events):
No events

Deoptimization events (0 events):
No events

Classes unloaded (0 events):
No events

Classes redefined (0 events):
No events

Internal exceptions (0 events):
No events

VM Operations (0 events):
No events

Events (1 events):
Event: 0.014 Loaded shared library C:\Program Files\Java\jdk-17\bin\java.dll


Dynamic libraries:
0x00007ff68a120000 - 0x00007ff68a130000 	C:\Program Files\Java\jdk-17\bin\java.exe
0x00007ffdd5770000 - 0x00007ffdd5987000 	C:\WINDOWS\SYSTEM32\ntdll.dll
0x00007ffdd46e0000 - 0x00007ffdd47a4000 	C:\WINDOWS\System32\KERNEL32.DLL
0x00007ffdd2e10000 - 0x00007ffdd31e1000 	C:\WINDOWS\System32\KERNELBASE.dll
0x00007ffdd2cf0000 - 0x00007ffdd2e01000 	C:\WINDOWS\System32\ucrtbase.dll
0x00007ffd713f0000 - 0x00007ffd71409000 	C:\Program Files\Java\jdk-17\bin\jli.dll
0x00007ffd4b220000 - 0x00007ffd4b23b000 	C:\Program Files\Java\jdk-17\bin\VCRUNTIME140.dll
0x00007ffdd3500000 - 0x00007ffdd35b1000 	C:\WINDOWS\System32\ADVAPI32.dll
0x00007ffdd3a30000 - 0x00007ffdd3ad7000 	C:\WINDOWS\System32\msvcrt.dll
0x00007ffdd4c30000 - 0x00007ffdd4cd7000 	C:\WINDOWS\System32\sechost.dll
0x00007ffdd2b50000 - 0x00007ffdd2b78000 	C:\WINDOWS\System32\bcrypt.dll
0x00007ffdd4430000 - 0x00007ffdd4544000 	C:\WINDOWS\System32\RPCRT4.dll
0x00007ffdd3ae0000 - 0x00007ffdd3c91000 	C:\WINDOWS\System32\USER32.dll
0x00007ffdd31f0000 - 0x00007ffdd3216000 	C:\WINDOWS\System32\win32u.dll
0x00007ffdd34d0000 - 0x00007ffdd34f9000 	C:\WINDOWS\System32\GDI32.dll
0x00007ffdc1160000 - 0x00007ffdc13f2000 	C:\WINDOWS\WinSxS\amd64_microsoft.windows.common-controls_6595b64144ccf1df_6.0.22621.4830_none_270fe7d773858e80\COMCTL32.dll
0x00007ffdd32a0000 - 0x00007ffdd33bb000 	C:\WINDOWS\System32\gdi32full.dll
0x00007ffdd2970000 - 0x00007ffdd2a0a000 	C:\WINDOWS\System32\msvcp_win.dll
0x00007ffdce450000 - 0x00007ffdce45a000 	C:\WINDOWS\SYSTEM32\VERSION.dll
0x00007ffdd43f0000 - 0x00007ffdd4421000 	C:\WINDOWS\System32\IMM32.DLL
0x00007ffdc3600000 - 0x00007ffdc360c000 	C:\Program Files\Java\jdk-17\bin\vcruntime140_1.dll
0x00007ffd33210000 - 0x00007ffd3329e000 	C:\Program Files\Java\jdk-17\bin\msvcp140.dll
0x00007ffd1aa90000 - 0x00007ffd1b66f000 	C:\Program Files\Java\jdk-17\bin\server\jvm.dll
0x00007ffdd34c0000 - 0x00007ffdd34c8000 	C:\WINDOWS\System32\PSAPI.DLL
0x00007ffdbc410000 - 0x00007ffdbc419000 	C:\WINDOWS\SYSTEM32\WSOCK32.dll
0x00007ffdce410000 - 0x00007ffdce444000 	C:\WINDOWS\SYSTEM32\WINMM.dll
0x00007ffdd3950000 - 0x00007ffdd39c1000 	C:\WINDOWS\System32\WS2_32.dll
0x00007ffdd18d0000 - 0x00007ffdd18e8000 	C:\WINDOWS\SYSTEM32\kernel.appcore.dll
0x00007ffdb8590000 - 0x00007ffdb859a000 	C:\Program Files\Java\jdk-17\bin\jimage.dll
0x00007ffdd0530000 - 0x00007ffdd0762000 	C:\WINDOWS\SYSTEM32\DBGHELP.DLL
0x00007ffdd3ea0000 - 0x00007ffdd4230000 	C:\WINDOWS\System32\combase.dll
0x00007ffdd3cb0000 - 0x00007ffdd3d87000 	C:\WINDOWS\System32\OLEAUT32.dll
0x00007ffdc1440000 - 0x00007ffdc1472000 	C:\WINDOWS\SYSTEM32\dbgcore.DLL
0x00007ffdd33c0000 - 0x00007ffdd343b000 	C:\WINDOWS\System32\bcryptPrimitives.dll
0x00007ffd347e0000 - 0x00007ffd34805000 	C:\Program Files\Java\jdk-17\bin\java.dll

dbghelp: loaded successfully - version: 4.0.5 - missing functions: none
symbol engine: initialized successfully - sym options: 0x614 - pdb path: .;C:\Program Files\Java\jdk-17\bin;C:\WINDOWS\SYSTEM32;C:\WINDOWS\WinSxS\amd64_microsoft.windows.common-controls_6595b64144ccf1df_6.0.22621.4830_none_270fe7d773858e80;C:\Program Files\Java\jdk-17\bin\server

VM Arguments:
java_command: org.jetbrains.kotlin.cli.jvm.K2JVMCompiler @C:\Users\LENOVO\Downloads\ATS-Developer\ATS-Developer\android\app\build\20250409_13229179306729197812.compiler.options
java_class_path (initial): C:\Users\LENOVO\.gradle\caches\modules-2\files-2.1\org.jetbrains.kotlin\kotlin-compiler-embeddable\1.8.0\eb9118d4bcceaa2a94b2ae2a33a4ddba7c9a947f\kotlin-compiler-embeddable-1.8.0.jar;C:\Users\LENOVO\.gradle\caches\modules-2\files-2.1\org.jetbrains.kotlin\kotlin-stdlib\1.8.0\1796921c7a3e2e2665a83e6c8d33399336cd39bc\kotlin-stdlib-1.8.0.jar;C:\Users\LENOVO\.gradle\caches\modules-2\files-2.1\org.jetbrains.kotlin\kotlin-script-runtime\1.8.0\b2f7e760d283cb339974851c222a4c1d48f2d3d\kotlin-script-runtime-1.8.0.jar;C:\Users\LENOVO\.gradle\caches\modules-2\files-2.1\org.jetbrains.kotlin\kotlin-reflect\1.6.10\1cbe9c92c12a94eea200d23c2bbaedaf3daf5132\kotlin-reflect-1.6.10.jar;C:\Users\LENOVO\.gradle\caches\modules-2\files-2.1\org.jetbrains.kotlin\kotlin-daemon-embeddable\1.8.0\d255216c551685dc3a7e852b53617f5f01aaaa5c\kotlin-daemon-embeddable-1.8.0.jar;C:\Users\LENOVO\.gradle\caches\modules-2\files-2.1\org.jetbrains.intellij.deps\trove4j\1.0.20200330\3afb14d5f9ceb459d724e907a21145e8ff394f02\trove4j-1.0.20200330.jar;C:\Users\LENOVO\.gradle\caches\modules-2\files-2.1\net.java.dev.jna\jna\5.6.0\330f2244e9030119ab3030fc3fededc86713d9cc\jna-5.6.0.jar;C:\Users\LENOVO\.gradle\caches\modules-2\files-2.1\org.jetbrains.kotlin\kotlin-stdlib-common\1.8.0\f7197e7cc76453ac59f8b0f8d5137cc600becd36\kotlin-stdlib-common-1.8.0.jar;C:\Users\LENOVO\.gradle\caches\modules-2\files-2.1\org.jetbrains\annotations\13.0\919f0dfe192fb4e063e7dacadee7f8bb9a2672a9\annotations-13.0.jar
Launcher Type: SUN_STANDARD

[Global flags]
     intx CICompilerCount                          = 12                                        {product} {ergonomic}
     uint ConcGCThreads                            = 3                                         {product} {ergonomic}
     uint G1ConcRefinementThreads                  = 13                                        {product} {ergonomic}
   size_t G1HeapRegionSize                         = 1048576                                   {product} {ergonomic}
    uintx GCDrainStackTargetSize                   = 64                                        {product} {ergonomic}
   size_t InitialHeapSize                          = 98566144                                  {product} {ergonomic}
   size_t MarkStackSize                            = 4194304                                   {product} {ergonomic}
   size_t MaxHeapSize                              = 1574961152                                {product} {ergonomic}
   size_t MinHeapDeltaBytes                        = 1048576                                   {product} {ergonomic}
   size_t MinHeapSize                              = 8388608                                   {product} {ergonomic}
    uintx NonNMethodCodeHeapSize                   = 7602480                                {pd product} {ergonomic}
    uintx NonProfiledCodeHeapSize                  = 122027880                              {pd product} {ergonomic}
    uintx ProfiledCodeHeapSize                     = 122027880                              {pd product} {ergonomic}
    uintx ReservedCodeCacheSize                    = 251658240                              {pd product} {ergonomic}
     bool SegmentedCodeCache                       = true                                      {product} {ergonomic}
   size_t SoftMaxHeapSize                          = 1574961152                             {manageable} {ergonomic}
     bool UseCompressedClassPointers               = true                           {product lp64_product} {ergonomic}
     bool UseCompressedOops                        = true                           {product lp64_product} {ergonomic}
     bool UseG1GC                                  = true                                      {product} {ergonomic}
     bool UseLargePagesIndividualAllocation        = false                                  {pd product} {ergonomic}

Logging:
Log output configuration:
 #0: stdout all=warning uptime,level,tags
 #1: stderr all=off uptime,level,tags

Environment Variables:
CLASSPATH=C:\Users\LENOVO\Downloads\ATS-Developer\ATS-Developer\android\\gradle\wrapper\gradle-wrapper.jar
PATH=C:\Users\LENOVO\Downloads\ATS-Developer\ATS-Developer\node_modules\.bin;C:\Users\LENOVO\Downloads\ATS-Developer\node_modules\.bin;C:\Users\LENOVO\Downloads\node_modules\.bin;C:\Users\LENOVO\node_modules\.bin;C:\Users\node_modules\.bin;C:\node_modules\.bin;C:\Program Files\nodejs\node_modules\npm\node_modules\@npmcli\run-script\lib\node-gyp-bin;C:\Program Files\Common Files\Oracle\Java\javapath;C:\oraclexe\app\oracle\product\11.2.0\server\bin;;C:\Program Files (x86)\Common Files\Oracle\Java\javapath;C:\WINDOWS\system32;C:\WINDOWS;C:\WINDOWS\System32\Wbem;C:\WINDOWS\System32\WindowsPowerShell\v1.0\;C:\WINDOWS\System32\OpenSSH\;C:\Program Files\Java\jdk-17.0.2\bin;C:\ProgramData\chocolatey\bin;C:\Program Files\dotnet\;C:\Program Files\Git\cmd;C:\WINDOWS\system32;C:\WINDOWS;C:\WINDOWS\System32\Wbem;C:\WINDOWS\System32\WindowsPowerShell\v1.0\;C:\WINDOWS\System32\OpenSSH\;C:\Program Files\Android\Android Studio\bin;C:\Users\LENOVO\AppData\Local\Android\Sdk\platform-tools;C:\Program Files\nodejs\;C:\Program Files\PuTTY\;C:\Program Files\Cloudflare\Cloudflare WARP\;C:\Users\LENOVO\AppData\Local\Programs\Python\Python39\Scripts\;C:\Users\LENOVO\AppData\Local\Programs\Python\Python39\;C:\Users\LENOVO\AppData\Local\Android\Sdk\tools;C:\Users\LENOVO\AppData\Local\Microsoft\WindowsApps;C:\Users\LENOVO\AppData\Local\Programs\Microsoft VS Code\bin;C:\Users\LENOVO\.dotnet\tools;C:\Users\LENOVO\AppData\Local\Android\Sdk\platform-tools;C:\Users\LENOVO\AppData\Roaming\npm
USERNAME=LENOVO
LANG=en_US.UTF-8
OS=Windows_NT
PROCESSOR_IDENTIFIER=AMD64 Family 23 Model 104 Stepping 1, AuthenticAMD



---------------  S Y S T E M  ---------------

OS:
 Windows 11 , 64 bit Build 22621 (10.0.22621.4974)
OS uptime: 1 days 1:42 hours
Hyper-V role detected

CPU: total 16 (initial active 16) (16 cores per cpu, 2 threads per core) family 23 model 104 stepping 1 microcode 0x0, cx8, cmov, fxsr, ht, mmx, 3dnowpref, sse, sse2, sse3, ssse3, sse4a, sse4.1, sse4.2, popcnt, lzcnt, tsc, tscinvbit, avx, avx2, aes, clmul, bmi1, bmi2, adx, sha, fma, vzeroupper, clflush, clflushopt, hv

Memory: 4k page, system-wide physical 6005M (410M free)
TotalPageFile size 24432M (AvailPageFile size 88M)
current process WorkingSet (physical memory assigned to process): 11M, peak: 11M
current process commit charge ("private bytes"): 70M, peak: 164M

vm_info: Java HotSpot(TM) 64-Bit Server VM (17.0.10+11-LTS-240) for windows-amd64 JRE (17.0.10+11-LTS-240), built on Dec 19 2023 21:47:25 by "mach5one" with MS VC++ 17.1 (VS2022)

END.
