#
# There is insufficient memory for the Java Runtime Environment to continue.
# Native memory allocation (malloc) failed to allocate 1800336 bytes for Chunk::new
# Possible reasons:
#   The system is out of physical RAM or swap space
#   The process is running with CompressedOops enabled, and the Java Heap may be blocking the growth of the native heap
# Possible solutions:
#   Reduce memory load on the system
#   Increase physical memory or swap space
#   Check if swap backing store is full
#   Decrease Java heap size (-Xmx/-Xms)
#   Decrease number of Java threads
#   Decrease Java thread stack sizes (-Xss)
#   Set larger code cache with -XX:ReservedCodeCacheSize=
#   JVM is running with Unscaled Compressed Oops mode in which the Java heap is
#     placed in the first 4GB address space. The Java Heap base address is the
#     maximum limit for the native heap growth. Please use -XX:HeapBaseMinAddress
#     to set the Java Heap base and to place the Java Heap above 4GB virtual address.
# This output file may be truncated or incomplete.
#
#  Out of Memory Error (arena.cpp:189), pid=16312, tid=16652
#
# JRE version: Java(TM) SE Runtime Environment (17.0.10+11) (build 17.0.10+11-LTS-240)
# Java VM: Java HotSpot(TM) 64-Bit Server VM (17.0.10+11-LTS-240, mixed mode, sharing, tiered, compressed oops, compressed class ptrs, g1 gc, windows-amd64)
# No core dump will be written. Minidumps are not enabled by default on client versions of Windows
#

---------------  S U M M A R Y ------------

Command Line: org.jetbrains.kotlin.cli.jvm.K2JVMCompiler @C:\Users\LENOVO\Downloads\ATS-Developer\ATS-Developer\android\app\build\20250409_18398237059303996505.compiler.options

Host: AMD Ryzen 7 5700U with Radeon Graphics         , 16 cores, 5G,  Windows 11 , 64 bit Build 22621 (10.0.22621.4974)
Time: Wed Apr  9 21:20:23 2025 SE Asia Standard Time elapsed time: 5.904017 seconds (0d 0h 0m 5s)

---------------  T H R E A D  ---------------

Current thread (0x000002971b896b50):  JavaThread "C2 CompilerThread0" daemon [_thread_in_native, id=16652, stack(0x000000e5a9700000,0x000000e5a9800000)]


Current CompileTask:
C2:   5904 3249       4       java.lang.ClassLoader::loadClass (7 bytes)

Stack: [0x000000e5a9700000,0x000000e5a9800000]
Native frames: (J=compiled Java code, j=interpreted, Vv=VM code, C=native code)
V  [jvm.dll+0x677a5a]
V  [jvm.dll+0x7d8b2d]
V  [jvm.dll+0x7da48e]
V  [jvm.dll+0x7daaf3]
V  [jvm.dll+0x2455ff]
V  [jvm.dll+0xaaafb]
V  [jvm.dll+0xab09c]
V  [jvm.dll+0x361b5f]
V  [jvm.dll+0x32c211]
V  [jvm.dll+0x32b6aa]
V  [jvm.dll+0x21794f]
V  [jvm.dll+0x216d81]
V  [jvm.dll+0x1a3410]
V  [jvm.dll+0x226aeb]
V  [jvm.dll+0x224cab]
V  [jvm.dll+0x78e45c]
V  [jvm.dll+0x78888a]
V  [jvm.dll+0x676935]
C  [ucrtbase.dll+0x29333]
C  [KERNEL32.DLL+0x1259d]
C  [ntdll.dll+0x5af38]


---------------  P R O C E S S  ---------------

Threads class SMR info:
_java_thread_list=0x00000297610fa8b0, length=13, elements={
0x000002977e27aa90, 0x000002971b87c4d0, 0x000002971b87d350, 0x000002971b891f60,
0x000002971b894a30, 0x000002971b8953f0, 0x000002971b895db0, 0x000002971b896b50,
0x000002971b897600, 0x000002971b89d510, 0x00000297610e6db0, 0x00000297610f91c0,
0x00000297610fa0f0
}

Java Threads: ( => current thread )
  0x000002977e27aa90 JavaThread "main" [_thread_in_vm, id=21160, stack(0x000000e5a8a00000,0x000000e5a8b00000)]
  0x000002971b87c4d0 JavaThread "Reference Handler" daemon [_thread_blocked, id=22688, stack(0x000000e5a9100000,0x000000e5a9200000)]
  0x000002971b87d350 JavaThread "Finalizer" daemon [_thread_blocked, id=5708, stack(0x000000e5a9200000,0x000000e5a9300000)]
  0x000002971b891f60 JavaThread "Signal Dispatcher" daemon [_thread_blocked, id=21908, stack(0x000000e5a9300000,0x000000e5a9400000)]
  0x000002971b894a30 JavaThread "Attach Listener" daemon [_thread_blocked, id=27000, stack(0x000000e5a9400000,0x000000e5a9500000)]
  0x000002971b8953f0 JavaThread "Service Thread" daemon [_thread_blocked, id=20212, stack(0x000000e5a9500000,0x000000e5a9600000)]
  0x000002971b895db0 JavaThread "Monitor Deflation Thread" daemon [_thread_blocked, id=18716, stack(0x000000e5a9600000,0x000000e5a9700000)]
=>0x000002971b896b50 JavaThread "C2 CompilerThread0" daemon [_thread_in_native, id=16652, stack(0x000000e5a9700000,0x000000e5a9800000)]
  0x000002971b897600 JavaThread "C1 CompilerThread0" daemon [_thread_blocked, id=21704, stack(0x000000e5a9800000,0x000000e5a9900000)]
  0x000002971b89d510 JavaThread "Sweeper thread" daemon [_thread_blocked, id=25692, stack(0x000000e5a9900000,0x000000e5a9a00000)]
  0x00000297610e6db0 JavaThread "C1 CompilerThread1" daemon [_thread_blocked, id=21620, stack(0x000000e5a9a00000,0x000000e5a9b00000)]
  0x00000297610f91c0 JavaThread "Notification Thread" daemon [_thread_blocked, id=17672, stack(0x000000e5a9b00000,0x000000e5a9c00000)]
  0x00000297610fa0f0 JavaThread "Common-Cleaner" daemon [_thread_blocked, id=25016, stack(0x000000e5a9d00000,0x000000e5a9e00000)]

Other Threads:
  0x000002971b8788d0 VMThread "VM Thread" [stack: 0x000000e5a9000000,0x000000e5a9100000] [id=25280]
  0x00000297610f96a0 WatcherThread [stack: 0x000000e5a9c00000,0x000000e5a9d00000] [id=9620]
  0x000002977e2c5d00 GCTaskThread "GC Thread#0" [stack: 0x000000e5a8b00000,0x000000e5a8c00000] [id=15988]
  0x00000297615d9830 GCTaskThread "GC Thread#1" [stack: 0x000000e5a9e00000,0x000000e5a9f00000] [id=24100]
  0x00000297615fd940 GCTaskThread "GC Thread#2" [stack: 0x000000e5a9f00000,0x000000e5aa000000] [id=8340]
  0x000002976160f230 GCTaskThread "GC Thread#3" [stack: 0x000000e5aa000000,0x000000e5aa100000] [id=2760]
  0x000002976160f4f0 GCTaskThread "GC Thread#4" [stack: 0x000000e5aa100000,0x000000e5aa200000] [id=17656]
  0x0000029761a6d440 GCTaskThread "GC Thread#5" [stack: 0x000000e5aa200000,0x000000e5aa300000] [id=1468]
  0x0000029761a6d700 GCTaskThread "GC Thread#6" [stack: 0x000000e5aa300000,0x000000e5aa400000] [id=26952]
  0x0000029761a5e060 GCTaskThread "GC Thread#7" [stack: 0x000000e5aa400000,0x000000e5aa500000] [id=26256]
  0x0000029761c1a860 GCTaskThread "GC Thread#8" [stack: 0x000000e5aa500000,0x000000e5aa600000] [id=4100]
  0x0000029761c1ab20 GCTaskThread "GC Thread#9" [stack: 0x000000e5aa600000,0x000000e5aa700000] [id=26484]
  0x0000029761a30030 GCTaskThread "GC Thread#10" [stack: 0x000000e5aa700000,0x000000e5aa800000] [id=5860]
  0x0000029761ce6e10 GCTaskThread "GC Thread#11" [stack: 0x000000e5aa800000,0x000000e5aa900000] [id=26704]
  0x0000029761fbd630 GCTaskThread "GC Thread#12" [stack: 0x000000e5aa900000,0x000000e5aaa00000] [id=22724]
  0x000002977e2d2810 ConcurrentGCThread "G1 Main Marker" [stack: 0x000000e5a8c00000,0x000000e5a8d00000] [id=21468]
  0x000002977e2d4240 ConcurrentGCThread "G1 Conc#0" [stack: 0x000000e5a8d00000,0x000000e5a8e00000] [id=16168]
  0x0000029761fbde70 ConcurrentGCThread "G1 Conc#1" [stack: 0x000000e5aaa00000,0x000000e5aab00000] [id=27036]
  0x0000029761fbd8f0 ConcurrentGCThread "G1 Conc#2" [stack: 0x000000e5aab00000,0x000000e5aac00000] [id=12588]
  0x000002977e332790 ConcurrentGCThread "G1 Refine#0" [stack: 0x000000e5a8e00000,0x000000e5a8f00000] [id=21000]
  0x000002977e3331c0 ConcurrentGCThread "G1 Service" [stack: 0x000000e5a8f00000,0x000000e5a9000000] [id=5192]

Threads with active compile tasks:
C2 CompilerThread0     5942 3249       4       java.lang.ClassLoader::loadClass (7 bytes)

VM state: not at safepoint (normal execution)

VM Mutex/Monitor currently owned by a thread: None

Heap address: 0x00000000a2200000, size: 1502 MB, Compressed Oops mode: 32-bit

CDS archive(s) mapped at: [0x000002971c000000-0x000002971cbd0000-0x000002971cbd0000), size 12386304, SharedBaseAddress: 0x000002971c000000, ArchiveRelocationMode: 1.
Compressed class space mapped at: 0x000002971d000000-0x000002975d000000, reserved size: 1073741824
Narrow klass base: 0x000002971c000000, Narrow klass shift: 0, Narrow klass range: 0x100000000

GC Precious Log:
 CPUs: 16 total, 16 available
 Memory: 6005M
 Large Page Support: Disabled
 NUMA Support: Disabled
 Compressed Oops: Enabled (32-bit)
 Heap Region Size: 1M
 Heap Min Capacity: 8M
 Heap Initial Capacity: 94M
 Heap Max Capacity: 1502M
 Pre-touch: Disabled
 Parallel Workers: 13
 Concurrent Workers: 3
 Concurrent Refinement Workers: 13
 Periodic GC: Disabled

Heap:
 garbage-first heap   total 96256K, used 29361K [0x00000000a2200000, 0x0000000100000000)
  region size 1024K, 8 young (8192K), 5 survivors (5120K)
 Metaspace       used 36425K, committed 36608K, reserved 1114112K
  class space    used 4539K, committed 4608K, reserved 1048576K

Heap Regions: E=young(eden), S=young(survivor), O=old, HS=humongous(starts), HC=humongous(continues), CS=collection set, F=free, OA=open archive, CA=closed archive, TAMS=top-at-mark-start (previous, next)
|   0|0x00000000a2200000, 0x00000000a2300000, 0x00000000a2300000|100%|HS|  |TAMS 0x00000000a2300000, 0x00000000a2200000| Complete 
|   1|0x00000000a2300000, 0x00000000a2400000, 0x00000000a2400000|100%|HC|  |TAMS 0x00000000a2400000, 0x00000000a2300000| Complete 
|   2|0x00000000a2400000, 0x00000000a2500000, 0x00000000a2500000|100%|HC|  |TAMS 0x00000000a2500000, 0x00000000a2400000| Complete 
|   3|0x00000000a2500000, 0x00000000a2600000, 0x00000000a2600000|100%|HC|  |TAMS 0x00000000a2600000, 0x00000000a2500000| Complete 
|   4|0x00000000a2600000, 0x00000000a2700000, 0x00000000a2700000|100%| O|  |TAMS 0x00000000a2700000, 0x00000000a2600000| Untracked 
|   5|0x00000000a2700000, 0x00000000a2800000, 0x00000000a2800000|100%| O|  |TAMS 0x00000000a2800000, 0x00000000a2700000| Untracked 
|   6|0x00000000a2800000, 0x00000000a2800000, 0x00000000a2900000|  0%| F|  |TAMS 0x00000000a2800000, 0x00000000a2800000| Untracked 
|   7|0x00000000a2900000, 0x00000000a2a00000, 0x00000000a2a00000|100%|HS|  |TAMS 0x00000000a2a00000, 0x00000000a2900000| Complete 
|   8|0x00000000a2a00000, 0x00000000a2b00000, 0x00000000a2b00000|100%|HC|  |TAMS 0x00000000a2b00000, 0x00000000a2a00000| Complete 
|   9|0x00000000a2b00000, 0x00000000a2c00000, 0x00000000a2c00000|100%|HC|  |TAMS 0x00000000a2c00000, 0x00000000a2b00000| Complete 
|  10|0x00000000a2c00000, 0x00000000a2d00000, 0x00000000a2d00000|100%|HC|  |TAMS 0x00000000a2d00000, 0x00000000a2c00000| Complete 
|  11|0x00000000a2d00000, 0x00000000a2d00000, 0x00000000a2e00000|  0%| F|  |TAMS 0x00000000a2d00000, 0x00000000a2d00000| Untracked 
|  12|0x00000000a2e00000, 0x00000000a2e00000, 0x00000000a2f00000|  0%| F|  |TAMS 0x00000000a2e00000, 0x00000000a2e00000| Untracked 
|  13|0x00000000a2f00000, 0x00000000a3000000, 0x00000000a3000000|100%| O|  |TAMS 0x00000000a3000000, 0x00000000a2f00000| Untracked 
|  14|0x00000000a3000000, 0x00000000a3100000, 0x00000000a3100000|100%| O|  |TAMS 0x00000000a3100000, 0x00000000a3000000| Untracked 
|  15|0x00000000a3100000, 0x00000000a3200000, 0x00000000a3200000|100%| O|  |TAMS 0x00000000a3200000, 0x00000000a3100000| Untracked 
|  16|0x00000000a3200000, 0x00000000a3300000, 0x00000000a3300000|100%| O|  |TAMS 0x00000000a3300000, 0x00000000a3200000| Untracked 
|  17|0x00000000a3300000, 0x00000000a3400000, 0x00000000a3400000|100%| O|  |TAMS 0x00000000a3400000, 0x00000000a3300000| Untracked 
|  18|0x00000000a3400000, 0x00000000a3500000, 0x00000000a3500000|100%| O|  |TAMS 0x00000000a3500000, 0x00000000a3400000| Untracked 
|  19|0x00000000a3500000, 0x00000000a3500000, 0x00000000a3600000|  0%| F|  |TAMS 0x00000000a3500000, 0x00000000a3500000| Untracked 
|  20|0x00000000a3600000, 0x00000000a3600000, 0x00000000a3700000|  0%| F|  |TAMS 0x00000000a3600000, 0x00000000a3600000| Untracked 
|  21|0x00000000a3700000, 0x00000000a3700000, 0x00000000a3800000|  0%| F|  |TAMS 0x00000000a3700000, 0x00000000a3700000| Untracked 
|  22|0x00000000a3800000, 0x00000000a3800000, 0x00000000a3900000|  0%| F|  |TAMS 0x00000000a3800000, 0x00000000a3800000| Untracked 
|  23|0x00000000a3900000, 0x00000000a3900000, 0x00000000a3a00000|  0%| F|  |TAMS 0x00000000a3900000, 0x00000000a3900000| Untracked 
|  24|0x00000000a3a00000, 0x00000000a3b00000, 0x00000000a3b00000|100%| O|  |TAMS 0x00000000a3b00000, 0x00000000a3a00000| Untracked 
|  25|0x00000000a3b00000, 0x00000000a3c00000, 0x00000000a3c00000|100%| O|  |TAMS 0x00000000a3c00000, 0x00000000a3b00000| Untracked 
|  26|0x00000000a3c00000, 0x00000000a3d00000, 0x00000000a3d00000|100%| O|  |TAMS 0x00000000a3d00000, 0x00000000a3c00000| Untracked 
|  27|0x00000000a3d00000, 0x00000000a3e00000, 0x00000000a3e00000|100%| O|  |TAMS 0x00000000a3e00000, 0x00000000a3d00000| Untracked 
|  28|0x00000000a3e00000, 0x00000000a3f00000, 0x00000000a3f00000|100%| O|  |TAMS 0x00000000a3f00000, 0x00000000a3e00000| Untracked 
|  29|0x00000000a3f00000, 0x00000000a3fcee00, 0x00000000a4000000| 80%| O|  |TAMS 0x00000000a3fcee00, 0x00000000a3f00000| Untracked 
|  30|0x00000000a4000000, 0x00000000a4000000, 0x00000000a4100000|  0%| F|  |TAMS 0x00000000a4000000, 0x00000000a4000000| Untracked 
|  31|0x00000000a4100000, 0x00000000a4100000, 0x00000000a4200000|  0%| F|  |TAMS 0x00000000a4100000, 0x00000000a4100000| Untracked 
|  32|0x00000000a4200000, 0x00000000a4200000, 0x00000000a4300000|  0%| F|  |TAMS 0x00000000a4200000, 0x00000000a4200000| Untracked 
|  33|0x00000000a4300000, 0x00000000a4300000, 0x00000000a4400000|  0%| F|  |TAMS 0x00000000a4300000, 0x00000000a4300000| Untracked 
|  34|0x00000000a4400000, 0x00000000a4400000, 0x00000000a4500000|  0%| F|  |TAMS 0x00000000a4400000, 0x00000000a4400000| Untracked 
|  35|0x00000000a4500000, 0x00000000a4500000, 0x00000000a4600000|  0%| F|  |TAMS 0x00000000a4500000, 0x00000000a4500000| Untracked 
|  36|0x00000000a4600000, 0x00000000a4600000, 0x00000000a4700000|  0%| F|  |TAMS 0x00000000a4600000, 0x00000000a4600000| Untracked 
|  37|0x00000000a4700000, 0x00000000a4700000, 0x00000000a4800000|  0%| F|  |TAMS 0x00000000a4700000, 0x00000000a4700000| Untracked 
|  38|0x00000000a4800000, 0x00000000a4800000, 0x00000000a4900000|  0%| F|  |TAMS 0x00000000a4800000, 0x00000000a4800000| Untracked 
|  39|0x00000000a4900000, 0x00000000a4900000, 0x00000000a4a00000|  0%| F|  |TAMS 0x00000000a4900000, 0x00000000a4900000| Untracked 
|  40|0x00000000a4a00000, 0x00000000a4a00000, 0x00000000a4b00000|  0%| F|  |TAMS 0x00000000a4a00000, 0x00000000a4a00000| Untracked 
|  41|0x00000000a4b00000, 0x00000000a4b00000, 0x00000000a4c00000|  0%| F|  |TAMS 0x00000000a4b00000, 0x00000000a4b00000| Untracked 
|  42|0x00000000a4c00000, 0x00000000a4c00000, 0x00000000a4d00000|  0%| F|  |TAMS 0x00000000a4c00000, 0x00000000a4c00000| Untracked 
|  43|0x00000000a4d00000, 0x00000000a4d00000, 0x00000000a4e00000|  0%| F|  |TAMS 0x00000000a4d00000, 0x00000000a4d00000| Untracked 
|  44|0x00000000a4e00000, 0x00000000a4e00000, 0x00000000a4f00000|  0%| F|  |TAMS 0x00000000a4e00000, 0x00000000a4e00000| Untracked 
|  45|0x00000000a4f00000, 0x00000000a4f00000, 0x00000000a5000000|  0%| F|  |TAMS 0x00000000a4f00000, 0x00000000a4f00000| Untracked 
|  46|0x00000000a5000000, 0x00000000a5000000, 0x00000000a5100000|  0%| F|  |TAMS 0x00000000a5000000, 0x00000000a5000000| Untracked 
|  47|0x00000000a5100000, 0x00000000a5100000, 0x00000000a5200000|  0%| F|  |TAMS 0x00000000a5100000, 0x00000000a5100000| Untracked 
|  48|0x00000000a5200000, 0x00000000a5200000, 0x00000000a5300000|  0%| F|  |TAMS 0x00000000a5200000, 0x00000000a5200000| Untracked 
|  49|0x00000000a5300000, 0x00000000a5300000, 0x00000000a5400000|  0%| F|  |TAMS 0x00000000a5300000, 0x00000000a5300000| Untracked 
|  50|0x00000000a5400000, 0x00000000a5400000, 0x00000000a5500000|  0%| F|  |TAMS 0x00000000a5400000, 0x00000000a5400000| Untracked 
|  51|0x00000000a5500000, 0x00000000a5500000, 0x00000000a5600000|  0%| F|  |TAMS 0x00000000a5500000, 0x00000000a5500000| Untracked 
|  52|0x00000000a5600000, 0x00000000a5600000, 0x00000000a5700000|  0%| F|  |TAMS 0x00000000a5600000, 0x00000000a5600000| Untracked 
|  53|0x00000000a5700000, 0x00000000a5700000, 0x00000000a5800000|  0%| F|  |TAMS 0x00000000a5700000, 0x00000000a5700000| Untracked 
|  54|0x00000000a5800000, 0x00000000a5800000, 0x00000000a5900000|  0%| F|  |TAMS 0x00000000a5800000, 0x00000000a5800000| Untracked 
|  55|0x00000000a5900000, 0x00000000a5900000, 0x00000000a5a00000|  0%| F|  |TAMS 0x00000000a5900000, 0x00000000a5900000| Untracked 
|  56|0x00000000a5a00000, 0x00000000a5a00000, 0x00000000a5b00000|  0%| F|  |TAMS 0x00000000a5a00000, 0x00000000a5a00000| Untracked 
|  57|0x00000000a5b00000, 0x00000000a5b00000, 0x00000000a5c00000|  0%| F|  |TAMS 0x00000000a5b00000, 0x00000000a5b00000| Untracked 
|  58|0x00000000a5c00000, 0x00000000a5c00000, 0x00000000a5d00000|  0%| F|  |TAMS 0x00000000a5c00000, 0x00000000a5c00000| Untracked 
|  59|0x00000000a5d00000, 0x00000000a5d00000, 0x00000000a5e00000|  0%| F|  |TAMS 0x00000000a5d00000, 0x00000000a5d00000| Untracked 
|  60|0x00000000a5e00000, 0x00000000a5e00000, 0x00000000a5f00000|  0%| F|  |TAMS 0x00000000a5e00000, 0x00000000a5e00000| Untracked 
|  61|0x00000000a5f00000, 0x00000000a5f00000, 0x00000000a6000000|  0%| F|  |TAMS 0x00000000a5f00000, 0x00000000a5f00000| Untracked 
|  62|0x00000000a6000000, 0x00000000a6000000, 0x00000000a6100000|  0%| F|  |TAMS 0x00000000a6000000, 0x00000000a6000000| Untracked 
|  63|0x00000000a6100000, 0x00000000a6100000, 0x00000000a6200000|  0%| F|  |TAMS 0x00000000a6100000, 0x00000000a6100000| Untracked 
|  64|0x00000000a6200000, 0x00000000a6200000, 0x00000000a6300000|  0%| F|  |TAMS 0x00000000a6200000, 0x00000000a6200000| Untracked 
|  65|0x00000000a6300000, 0x00000000a63dd818, 0x00000000a6400000| 86%| S|CS|TAMS 0x00000000a6300000, 0x00000000a6300000| Complete 
|  66|0x00000000a6400000, 0x00000000a6500000, 0x00000000a6500000|100%| S|CS|TAMS 0x00000000a6400000, 0x00000000a6400000| Complete 
|  67|0x00000000a6500000, 0x00000000a6600000, 0x00000000a6600000|100%| S|CS|TAMS 0x00000000a6500000, 0x00000000a6500000| Complete 
|  68|0x00000000a6600000, 0x00000000a6700000, 0x00000000a6700000|100%| S|CS|TAMS 0x00000000a6600000, 0x00000000a6600000| Complete 
|  69|0x00000000a6700000, 0x00000000a6800000, 0x00000000a6800000|100%| S|CS|TAMS 0x00000000a6700000, 0x00000000a6700000| Complete 
|  70|0x00000000a6800000, 0x00000000a6800000, 0x00000000a6900000|  0%| F|  |TAMS 0x00000000a6800000, 0x00000000a6800000| Untracked 
|  71|0x00000000a6900000, 0x00000000a6900000, 0x00000000a6a00000|  0%| F|  |TAMS 0x00000000a6900000, 0x00000000a6900000| Untracked 
|  72|0x00000000a6a00000, 0x00000000a6a00000, 0x00000000a6b00000|  0%| F|  |TAMS 0x00000000a6a00000, 0x00000000a6a00000| Untracked 
|  73|0x00000000a6b00000, 0x00000000a6b00000, 0x00000000a6c00000|  0%| F|  |TAMS 0x00000000a6b00000, 0x00000000a6b00000| Untracked 
|  74|0x00000000a6c00000, 0x00000000a6c00000, 0x00000000a6d00000|  0%| F|  |TAMS 0x00000000a6c00000, 0x00000000a6c00000| Untracked 
|  75|0x00000000a6d00000, 0x00000000a6d00000, 0x00000000a6e00000|  0%| F|  |TAMS 0x00000000a6d00000, 0x00000000a6d00000| Untracked 
|  76|0x00000000a6e00000, 0x00000000a6e00000, 0x00000000a6f00000|  0%| F|  |TAMS 0x00000000a6e00000, 0x00000000a6e00000| Untracked 
|  77|0x00000000a6f00000, 0x00000000a6f00000, 0x00000000a7000000|  0%| F|  |TAMS 0x00000000a6f00000, 0x00000000a6f00000| Untracked 
|  78|0x00000000a7000000, 0x00000000a7000000, 0x00000000a7100000|  0%| F|  |TAMS 0x00000000a7000000, 0x00000000a7000000| Untracked 
|  79|0x00000000a7100000, 0x00000000a7100000, 0x00000000a7200000|  0%| F|  |TAMS 0x00000000a7100000, 0x00000000a7100000| Untracked 
|  80|0x00000000a7200000, 0x00000000a7200000, 0x00000000a7300000|  0%| F|  |TAMS 0x00000000a7200000, 0x00000000a7200000| Untracked 
|  81|0x00000000a7300000, 0x00000000a7300000, 0x00000000a7400000|  0%| F|  |TAMS 0x00000000a7300000, 0x00000000a7300000| Untracked 
|  82|0x00000000a7400000, 0x00000000a7400000, 0x00000000a7500000|  0%| F|  |TAMS 0x00000000a7400000, 0x00000000a7400000| Untracked 
|  83|0x00000000a7500000, 0x00000000a7500000, 0x00000000a7600000|  0%| F|  |TAMS 0x00000000a7500000, 0x00000000a7500000| Untracked 
|  84|0x00000000a7600000, 0x00000000a7600000, 0x00000000a7700000|  0%| F|  |TAMS 0x00000000a7600000, 0x00000000a7600000| Untracked 
|  85|0x00000000a7700000, 0x00000000a7700000, 0x00000000a7800000|  0%| F|  |TAMS 0x00000000a7700000, 0x00000000a7700000| Untracked 
|  86|0x00000000a7800000, 0x00000000a7800000, 0x00000000a7900000|  0%| F|  |TAMS 0x00000000a7800000, 0x00000000a7800000| Untracked 
|  87|0x00000000a7900000, 0x00000000a7900000, 0x00000000a7a00000|  0%| F|  |TAMS 0x00000000a7900000, 0x00000000a7900000| Untracked 
|  88|0x00000000a7a00000, 0x00000000a7a00000, 0x00000000a7b00000|  0%| F|  |TAMS 0x00000000a7a00000, 0x00000000a7a00000| Untracked 
|  89|0x00000000a7b00000, 0x00000000a7b00000, 0x00000000a7c00000|  0%| F|  |TAMS 0x00000000a7b00000, 0x00000000a7b00000| Untracked 
|  90|0x00000000a7c00000, 0x00000000a7c00000, 0x00000000a7d00000|  0%| F|  |TAMS 0x00000000a7c00000, 0x00000000a7c00000| Untracked 
|  91|0x00000000a7d00000, 0x00000000a7d8a1f8, 0x00000000a7e00000| 53%| E|  |TAMS 0x00000000a7d00000, 0x00000000a7d00000| Complete 
|  92|0x00000000a7e00000, 0x00000000a7f00000, 0x00000000a7f00000|100%| E|CS|TAMS 0x00000000a7e00000, 0x00000000a7e00000| Complete 
|  93|0x00000000a7f00000, 0x00000000a8000000, 0x00000000a8000000|100%| E|CS|TAMS 0x00000000a7f00000, 0x00000000a7f00000| Complete 

Card table byte_map: [0x000002977eec0000,0x000002977f1b0000] _byte_map_base: 0x000002977e9af000

Marking Bits (Prev, Next): (CMBitMap*) 0x000002977e2c6320, (CMBitMap*) 0x000002977e2c6360
 Prev Bits: [0x00000297167e0000, 0x0000029717f58000)
 Next Bits: [0x0000029717f60000, 0x00000297196d8000)

Polling page: 0x000002977da40000

Metaspace:

Usage:
  Non-class:     31.17 MB used.
      Class:      4.44 MB used.
       Both:     35.61 MB used.

Virtual space:
  Non-class space:       64.00 MB reserved,      31.31 MB ( 49%) committed,  1 nodes.
      Class space:        1.00 GB reserved,       4.50 MB ( <1%) committed,  1 nodes.
             Both:        1.06 GB reserved,      35.81 MB (  3%) committed. 

Chunk freelists:
   Non-Class:  32.00 KB
       Class:  11.50 MB
        Both:  11.53 MB

MaxMetaspaceSize: unlimited
CompressedClassSpaceSize: 1.00 GB
Initial GC threshold: 21.00 MB
Current GC threshold: 58.88 MB
CDS: on
MetaspaceReclaimPolicy: balanced
 - commit_granule_bytes: 65536.
 - commit_granule_words: 8192.
 - virtual_space_node_default_size: 8388608.
 - enlarge_chunks_in_place: 1.
 - new_chunks_are_fully_committed: 0.
 - uncommit_free_chunks: 1.
 - use_allocation_guard: 0.
 - handle_deallocations: 1.


Internal statistics:

num_allocs_failed_limit: 6.
num_arena_births: 192.
num_arena_deaths: 0.
num_vsnodes_births: 2.
num_vsnodes_deaths: 0.
num_space_committed: 572.
num_space_uncommitted: 0.
num_chunks_returned_to_freelist: 6.
num_chunks_taken_from_freelist: 1385.
num_chunk_merges: 6.
num_chunk_splits: 1151.
num_chunks_enlarged: 1034.
num_inconsistent_stats: 0.

CodeHeap 'non-profiled nmethods': size=119168Kb used=1240Kb max_used=1240Kb free=117927Kb
 bounds [0x000002970f380000, 0x000002970f5f0000, 0x00000297167e0000]
CodeHeap 'profiled nmethods': size=119104Kb used=7089Kb max_used=7089Kb free=112014Kb
 bounds [0x00000297077e0000, 0x0000029707ed0000, 0x000002970ec30000]
CodeHeap 'non-nmethods': size=7488Kb used=1836Kb max_used=1857Kb free=5651Kb
 bounds [0x000002970ec30000, 0x000002970eea0000, 0x000002970f380000]
 total_blobs=4004 nmethods=3415 adapters=500
 compilation: enabled
              stopped_count=0, restarted_count=0
 full_count=0

Compilation events (20 events):
Event: 5.832 Thread 0x00000297610e6db0 nmethod 3402 0x0000029707ec5b10 code [0x0000029707ec5ce0, 0x0000029707ec5ec8]
Event: 5.833 Thread 0x000002971b897600 nmethod 3403 0x0000029707ec6090 code [0x0000029707ec6460, 0x0000029707ec7d28]
Event: 5.846 Thread 0x000002971b897600 3404       3       java.util.concurrent.ConcurrentHashMap::remove (8 bytes)
Event: 5.847 Thread 0x000002971b897600 nmethod 3404 0x0000029707ec8490 code [0x0000029707ec8640, 0x0000029707ec8788]
Event: 5.848 Thread 0x000002971b897600 3405       3       jdk.internal.org.objectweb.asm.ClassWriter::<init> (7 bytes)
Event: 5.848 Thread 0x000002971b897600 nmethod 3405 0x0000029707ec8810 code [0x0000029707ec89c0, 0x0000029707ec8b08]
Event: 5.848 Thread 0x000002971b897600 3406       3       jdk.internal.org.objectweb.asm.ClassWriter::<init> (68 bytes)
Event: 5.848 Thread 0x000002971b897600 nmethod 3406 0x0000029707ec8b90 code [0x0000029707ec8d60, 0x0000029707ec9208]
Event: 5.848 Thread 0x000002971b897600 3407       3       jdk.internal.org.objectweb.asm.ClassVisitor::<init> (7 bytes)
Event: 5.849 Thread 0x000002971b897600 nmethod 3407 0x0000029707ec9390 code [0x0000029707ec9540, 0x0000029707ec9688]
Event: 5.849 Thread 0x000002971b897600 3408       3       jdk.internal.org.objectweb.asm.ClassVisitor::<init> (88 bytes)
Event: 5.850 Thread 0x00000297610e6db0 3409       3       jdk.internal.org.objectweb.asm.SymbolTable::<init> (41 bytes)
Event: 5.850 Thread 0x000002971b897600 nmethod 3408 0x0000029707ec9710 code [0x0000029707ec9960, 0x0000029707eca248]
Event: 5.850 Thread 0x00000297610e6db0 nmethod 3409 0x0000029707eca510 code [0x0000029707eca6e0, 0x0000029707ecac58]
Event: 5.856 Thread 0x000002971b897600 3411       3       java.lang.invoke.TypeConvertingMethodAdapter::cast (42 bytes)
Event: 5.857 Thread 0x000002971b897600 nmethod 3411 0x0000029707ecad90 code [0x0000029707ecaf80, 0x0000029707ecb408]
Event: 5.871 Thread 0x000002971b897600 3416       3       org.jetbrains.kotlin.com.intellij.psi.impl.source.tree.TreeElement::getTreeNext (5 bytes)
Event: 5.871 Thread 0x000002971b897600 nmethod 3416 0x0000029707ecb590 code [0x0000029707ecb720, 0x0000029707ecb838]
Event: 5.879 Thread 0x000002971b897600 3417       1       org.jetbrains.kotlin.com.intellij.psi.impl.source.SubstrateRef::getStub (2 bytes)
Event: 5.879 Thread 0x000002971b897600 nmethod 3417 0x000002970f4b5c10 code [0x000002970f4b5da0, 0x000002970f4b5e78]

GC Heap History (14 events):
Event: 0.849 GC heap before
{Heap before GC invocations=0 (full 0):
 garbage-first heap   total 96256K, used 27648K [0x00000000a2200000, 0x0000000100000000)
  region size 1024K, 23 young (23552K), 0 survivors (0K)
 Metaspace       used 6471K, committed 6656K, reserved 1114112K
  class space    used 651K, committed 768K, reserved 1048576K
}
Event: 0.856 GC heap after
{Heap after GC invocations=1 (full 0):
 garbage-first heap   total 96256K, used 6976K [0x00000000a2200000, 0x0000000100000000)
  region size 1024K, 3 young (3072K), 3 survivors (3072K)
 Metaspace       used 6471K, committed 6656K, reserved 1114112K
  class space    used 651K, committed 768K, reserved 1048576K
}
Event: 1.976 GC heap before
{Heap before GC invocations=1 (full 0):
 garbage-first heap   total 96256K, used 40768K [0x00000000a2200000, 0x0000000100000000)
  region size 1024K, 36 young (36864K), 3 survivors (3072K)
 Metaspace       used 14194K, committed 14464K, reserved 1114112K
  class space    used 1601K, committed 1728K, reserved 1048576K
}
Event: 1.989 GC heap after
{Heap after GC invocations=2 (full 0):
 garbage-first heap   total 96256K, used 10275K [0x00000000a2200000, 0x0000000100000000)
  region size 1024K, 4 young (4096K), 4 survivors (4096K)
 Metaspace       used 14194K, committed 14464K, reserved 1114112K
  class space    used 1601K, committed 1728K, reserved 1048576K
}
Event: 2.933 GC heap before
{Heap before GC invocations=2 (full 0):
 garbage-first heap   total 96256K, used 38947K [0x00000000a2200000, 0x0000000100000000)
  region size 1024K, 29 young (29696K), 4 survivors (4096K)
 Metaspace       used 21250K, committed 21504K, reserved 1114112K
  class space    used 2696K, committed 2816K, reserved 1048576K
}
Event: 2.944 GC heap after
{Heap after GC invocations=3 (full 0):
 garbage-first heap   total 96256K, used 16619K [0x00000000a2200000, 0x0000000100000000)
  region size 1024K, 6 young (6144K), 6 survivors (6144K)
 Metaspace       used 21250K, committed 21504K, reserved 1114112K
  class space    used 2696K, committed 2816K, reserved 1048576K
}
Event: 4.041 GC heap before
{Heap before GC invocations=4 (full 0):
 garbage-first heap   total 61440K, used 49387K [0x00000000a2200000, 0x0000000100000000)
  region size 1024K, 36 young (36864K), 6 survivors (6144K)
 Metaspace       used 26021K, committed 26304K, reserved 1114112K
  class space    used 3484K, committed 3584K, reserved 1048576K
}
Event: 4.070 GC heap after
{Heap after GC invocations=5 (full 0):
 garbage-first heap   total 61440K, used 23923K [0x00000000a2200000, 0x0000000100000000)
  region size 1024K, 5 young (5120K), 5 survivors (5120K)
 Metaspace       used 26021K, committed 26304K, reserved 1114112K
  class space    used 3484K, committed 3584K, reserved 1048576K
}
Event: 4.132 GC heap before
{Heap before GC invocations=5 (full 0):
 garbage-first heap   total 61440K, used 24947K [0x00000000a2200000, 0x0000000100000000)
  region size 1024K, 6 young (6144K), 5 survivors (5120K)
 Metaspace       used 26287K, committed 26560K, reserved 1114112K
  class space    used 3522K, committed 3648K, reserved 1048576K
}
Event: 4.143 GC heap after
{Heap after GC invocations=6 (full 0):
 garbage-first heap   total 61440K, used 25393K [0x00000000a2200000, 0x0000000100000000)
  region size 1024K, 1 young (1024K), 1 survivors (1024K)
 Metaspace       used 26287K, committed 26560K, reserved 1114112K
  class space    used 3522K, committed 3648K, reserved 1048576K
}
Event: 5.059 GC heap before
{Heap before GC invocations=6 (full 0):
 garbage-first heap   total 61440K, used 45873K [0x00000000a2200000, 0x0000000100000000)
  region size 1024K, 22 young (22528K), 1 survivors (1024K)
 Metaspace       used 30106K, committed 30336K, reserved 1114112K
  class space    used 3907K, committed 4032K, reserved 1048576K
}
Event: 5.066 GC heap after
{Heap after GC invocations=7 (full 0):
 garbage-first heap   total 96256K, used 25290K [0x00000000a2200000, 0x0000000100000000)
  region size 1024K, 3 young (3072K), 3 survivors (3072K)
 Metaspace       used 30106K, committed 30336K, reserved 1114112K
  class space    used 3907K, committed 4032K, reserved 1048576K
}
Event: 5.835 GC heap before
{Heap before GC invocations=7 (full 0):
 garbage-first heap   total 96256K, used 48842K [0x00000000a2200000, 0x0000000100000000)
  region size 1024K, 27 young (27648K), 3 survivors (3072K)
 Metaspace       used 35878K, committed 36096K, reserved 1114112K
  class space    used 4439K, committed 4544K, reserved 1048576K
}
Event: 5.844 GC heap after
{Heap after GC invocations=8 (full 0):
 garbage-first heap   total 96256K, used 27313K [0x00000000a2200000, 0x0000000100000000)
  region size 1024K, 5 young (5120K), 5 survivors (5120K)
 Metaspace       used 35878K, committed 36096K, reserved 1114112K
  class space    used 4439K, committed 4544K, reserved 1048576K
}

Deoptimization events (20 events):
Event: 5.592 Thread 0x000002977e27aa90 Uncommon trap: trap_request=0xffffff45 fr.pc=0x000002970f48af84 relative=0x0000000000000264
Event: 5.592 Thread 0x000002977e27aa90 Uncommon trap: reason=unstable_if action=reinterpret pc=0x000002970f48af84 method=sun.net.www.ParseUtil.firstEncodeIndex(Ljava/lang/String;)I @ 27 c2
Event: 5.592 Thread 0x000002977e27aa90 DEOPT PACKING pc=0x000002970f48af84 sp=0x000000e5a8af5730
Event: 5.592 Thread 0x000002977e27aa90 DEOPT UNPACKING pc=0x000002970ec823a3 sp=0x000000e5a8af5558 mode 2
Event: 5.592 Thread 0x000002977e27aa90 Uncommon trap: trap_request=0xffffff45 fr.pc=0x000002970f40dff8 relative=0x0000000000000178
Event: 5.592 Thread 0x000002977e27aa90 Uncommon trap: reason=unstable_if action=reinterpret pc=0x000002970f40dff8 method=java.lang.String.indexOf(II)I @ 4 c2
Event: 5.592 Thread 0x000002977e27aa90 DEOPT PACKING pc=0x000002970f40dff8 sp=0x000000e5a8af5410
Event: 5.592 Thread 0x000002977e27aa90 DEOPT UNPACKING pc=0x000002970ec823a3 sp=0x000000e5a8af5340 mode 2
Event: 5.592 Thread 0x000002977e27aa90 Uncommon trap: trap_request=0xffffff45 fr.pc=0x000002970f44543c relative=0x000000000000021c
Event: 5.592 Thread 0x000002977e27aa90 Uncommon trap: reason=unstable_if action=reinterpret pc=0x000002970f44543c method=java.lang.String.startsWith(Ljava/lang/String;I)Z @ 50 c2
Event: 5.592 Thread 0x000002977e27aa90 DEOPT PACKING pc=0x000002970f44543c sp=0x000000e5a8af5480
Event: 5.592 Thread 0x000002977e27aa90 DEOPT UNPACKING pc=0x000002970ec823a3 sp=0x000000e5a8af53e0 mode 2
Event: 5.592 Thread 0x000002977e27aa90 Uncommon trap: trap_request=0xffffff45 fr.pc=0x000002970f493294 relative=0x00000000000005d4
Event: 5.592 Thread 0x000002977e27aa90 Uncommon trap: reason=unstable_if action=reinterpret pc=0x000002970f493294 method=java.lang.String.lastIndexOf(II)I @ 4 c2
Event: 5.592 Thread 0x000002977e27aa90 DEOPT PACKING pc=0x000002970f493294 sp=0x000000e5a8af54c0
Event: 5.592 Thread 0x000002977e27aa90 DEOPT UNPACKING pc=0x000002970ec823a3 sp=0x000000e5a8af53b0 mode 2
Event: 5.798 Thread 0x000002977e27aa90 Uncommon trap: trap_request=0xffffffde fr.pc=0x000002970f484b68 relative=0x0000000000000de8
Event: 5.798 Thread 0x000002977e27aa90 Uncommon trap: reason=class_check action=maybe_recompile pc=0x000002970f484b68 method=java.util.HashMap.putVal(ILjava/lang/Object;Ljava/lang/Object;ZZ)Ljava/lang/Object; @ 203 c2
Event: 5.798 Thread 0x000002977e27aa90 DEOPT PACKING pc=0x000002970f484b68 sp=0x000000e5a8afcc00
Event: 5.798 Thread 0x000002977e27aa90 DEOPT UNPACKING pc=0x000002970ec823a3 sp=0x000000e5a8afcb90 mode 2

Classes unloaded (0 events):
No events

Classes redefined (0 events):
No events

Internal exceptions (20 events):
Event: 1.428 Thread 0x000002977e27aa90 Exception <a 'java/lang/NoSuchMethodError'{0x00000000a6d1c258}: 'int java.lang.invoke.Invokers$Holder.invoke_MT(java.lang.Object, java.lang.Object, java.lang.Object, java.lang.Object)'> (0x00000000a6d1c258) 
thrown [s\open\src\hotspot\share\interpreter\linkResolver.cpp, line 759]
Event: 1.430 Thread 0x000002977e27aa90 Exception <a 'java/lang/NoSuchMethodError'{0x00000000a6d2be78}: 'int java.lang.invoke.DelegatingMethodHandle$Holder.reinvoke_L(java.lang.Object, java.lang.Object, java.lang.Object, long, int)'> (0x00000000a6d2be78) 
thrown [s\open\src\hotspot\share\interpreter\linkResolver.cpp, line 759]
Event: 1.563 Thread 0x000002977e27aa90 Exception <a 'java/lang/NoSuchMethodError'{0x00000000a6a89a08}: 'java.lang.Object java.lang.invoke.DirectMethodHandle$Holder.invokeStaticInit(java.lang.Object)'> (0x00000000a6a89a08) 
thrown [s\open\src\hotspot\share\interpreter\linkResolver.cpp, line 759]
Event: 1.815 Thread 0x000002977e27aa90 Exception <a 'java/lang/NoSuchMethodError'{0x00000000a6050888}: 'java.lang.Object java.lang.invoke.DirectMethodHandle$Holder.invokeStaticInit(java.lang.Object, int)'> (0x00000000a6050888) 
thrown [s\open\src\hotspot\share\interpreter\linkResolver.cpp, line 759]
Event: 1.830 Thread 0x000002977e27aa90 Exception <a 'java/lang/NoSuchMethodError'{0x00000000a60d9c50}: 'void java.lang.invoke.DirectMethodHandle$Holder.invokeStatic(java.lang.Object, java.lang.Object)'> (0x00000000a60d9c50) 
thrown [s\open\src\hotspot\share\interpreter\linkResolver.cpp, line 759]
Event: 1.867 Thread 0x000002977e27aa90 Exception <a 'java/lang/NoSuchMethodError'{0x00000000a5e12688}: 'long java.lang.invoke.DirectMethodHandle$Holder.invokeStatic(java.lang.Object)'> (0x00000000a5e12688) 
thrown [s\open\src\hotspot\share\interpreter\linkResolver.cpp, line 759]
Event: 1.868 Thread 0x000002977e27aa90 Exception <a 'java/lang/NoSuchMethodError'{0x00000000a5e15de0}: 'long java.lang.invoke.DirectMethodHandle$Holder.invokeStaticInit(java.lang.Object)'> (0x00000000a5e15de0) 
thrown [s\open\src\hotspot\share\interpreter\linkResolver.cpp, line 759]
Event: 2.039 Thread 0x000002977e27aa90 Exception <a 'java/lang/NoSuchMethodError'{0x00000000a7e0e7c8}: 'int java.lang.invoke.DirectMethodHandle$Holder.invokeStaticInit(java.lang.Object, java.lang.Object, java.lang.Object)'> (0x00000000a7e0e7c8) 
thrown [s\open\src\hotspot\share\interpreter\linkResolver.cpp, line 759]
Event: 2.047 Thread 0x000002977e27aa90 Exception <a 'java/lang/NoSuchMethodError'{0x00000000a7e36ea0}: 'int java.lang.invoke.DirectMethodHandle$Holder.invokeStaticInit(java.lang.Object, java.lang.Object)'> (0x00000000a7e36ea0) 
thrown [s\open\src\hotspot\share\interpreter\linkResolver.cpp, line 759]
Event: 2.086 Thread 0x000002977e27aa90 Exception <a 'java/lang/NoSuchMethodError'{0x00000000a7d12328}: 'void java.lang.invoke.DirectMethodHandle$Holder.invokeSpecial(java.lang.Object, java.lang.Object, java.lang.Object)'> (0x00000000a7d12328) 
thrown [s\open\src\hotspot\share\interpreter\linkResolver.cpp, line 759]
Event: 2.523 Thread 0x000002977e27aa90 Exception <a 'java/lang/NoSuchMethodError'{0x00000000a7245bf0}: 'void java.lang.invoke.DirectMethodHandle$Holder.invokeStatic(java.lang.Object, java.lang.Object, java.lang.Object, java.lang.Object)'> (0x00000000a7245bf0) 
thrown [s\open\src\hotspot\share\interpreter\linkResolver.cpp, line 759]
Event: 2.635 Thread 0x000002977e27aa90 Exception <a 'java/lang/NoSuchMethodError'{0x00000000a6fef7f8}: 'void java.lang.invoke.DirectMethodHandle$Holder.invokeStaticInit(java.lang.Object, java.lang.Object)'> (0x00000000a6fef7f8) 
thrown [s\open\src\hotspot\share\interpreter\linkResolver.cpp, line 759]
Event: 2.767 Thread 0x000002977e27aa90 Exception <a 'java/lang/NoSuchMethodError'{0x00000000a6a11070}: 'void java.lang.invoke.DirectMethodHandle$Holder.invokeVirtual(java.lang.Object, java.lang.Object)'> (0x00000000a6a11070) 
thrown [s\open\src\hotspot\share\interpreter\linkResolver.cpp, line 759]
Event: 2.781 Thread 0x000002977e27aa90 Exception <a 'java/lang/NoSuchMethodError'{0x00000000a6a9b340}: 'int java.lang.invoke.DirectMethodHandle$Holder.invokeVirtual(java.lang.Object, java.lang.Object)'> (0x00000000a6a9b340) 
thrown [s\open\src\hotspot\share\interpreter\linkResolver.cpp, line 759]
Event: 2.821 Thread 0x000002977e27aa90 Exception <a 'java/lang/NoSuchMethodError'{0x00000000a6940658}: 'java.lang.Object java.lang.invoke.Invokers$Holder.invokeExact_MT(java.lang.Object, java.lang.Object, java.lang.Object, java.lang.Object, java.lang.Object, java.lang.Object)'> (0x00000000a6940658) 
thrown [s\open\src\hotspot\share\interpreter\linkResolver.cpp, line 759]
Event: 4.200 Thread 0x000002977e27aa90 Exception <a 'java/lang/NoSuchMethodError'{0x00000000a64cc328}: 'java.lang.Object java.lang.invoke.DirectMethodHandle$Holder.invokeVirtual(java.lang.Object, java.lang.Object, java.lang.Object)'> (0x00000000a64cc328) 
thrown [s\open\src\hotspot\share\interpreter\linkResolver.cpp, line 759]
Event: 5.713 Thread 0x000002977e27aa90 Exception <a 'java/lang/NoSuchMethodError'{0x00000000a6a0b090}: 'java.lang.Object java.lang.invoke.DirectMethodHandle$Holder.newInvokeSpecial(java.lang.Object, java.lang.Object, int)'> (0x00000000a6a0b090) 
thrown [s\open\src\hotspot\share\interpreter\linkResolver.cpp, line 759]
Event: 5.858 Thread 0x000002977e27aa90 Exception <a 'java/lang/NoSuchMethodError'{0x00000000a7f48c70}: 'java.lang.Object java.lang.invoke.DirectMethodHandle$Holder.newInvokeSpecial(java.lang.Object, java.lang.Object, java.lang.Object, int)'> (0x00000000a7f48c70) 
thrown [s\open\src\hotspot\share\interpreter\linkResolver.cpp, line 759]
Event: 5.858 Thread 0x000002977e27aa90 Exception <a 'java/lang/NoSuchMethodError'{0x00000000a7f4d2f8}: 'java.lang.Object java.lang.invoke.DirectMethodHandle$Holder.invokeSpecial(java.lang.Object, java.lang.Object, java.lang.Object, java.lang.Object, int)'> (0x00000000a7f4d2f8) 
thrown [s\open\src\hotspot\share\interpreter\linkResolver.cpp, line 759]
Event: 5.859 Thread 0x000002977e27aa90 Exception <a 'java/lang/NoSuchMethodError'{0x00000000a7f51168}: 'java.lang.Object java.lang.invoke.Invokers$Holder.linkToTargetMethod(java.lang.Object, java.lang.Object, int, java.lang.Object)'> (0x00000000a7f51168) 
thrown [s\open\src\hotspot\share\interpreter\linkResolver.cpp, line 759]

VM Operations (20 events):
Event: 3.993 Executing VM operation: Cleanup
Event: 3.993 Executing VM operation: Cleanup done
Event: 4.041 Executing VM operation: G1CollectForAllocation
Event: 4.070 Executing VM operation: G1CollectForAllocation done
Event: 4.132 Executing VM operation: G1CollectForAllocation
Event: 4.143 Executing VM operation: G1CollectForAllocation done
Event: 5.058 Executing VM operation: G1CollectForAllocation
Event: 5.066 Executing VM operation: G1CollectForAllocation done
Event: 5.076 Executing VM operation: HandshakeAllThreads
Event: 5.076 Executing VM operation: HandshakeAllThreads done
Event: 5.818 Executing VM operation: HandshakeAllThreads
Event: 5.818 Executing VM operation: HandshakeAllThreads done
Event: 5.834 Executing VM operation: CollectForMetadataAllocation
Event: 5.844 Executing VM operation: CollectForMetadataAllocation done
Event: 5.854 Executing VM operation: HandshakeAllThreads
Event: 5.854 Executing VM operation: HandshakeAllThreads done
Event: 5.863 Executing VM operation: G1Concurrent
Event: 5.868 Executing VM operation: G1Concurrent done
Event: 5.875 Executing VM operation: G1Concurrent
Event: 5.875 Executing VM operation: G1Concurrent done

Events (20 events):
Event: 4.770 loading class java/lang/reflect/WildcardType done
Event: 4.770 loading class sun/reflect/generics/reflectiveObjects/WildcardTypeImpl done
Event: 4.972 loading class java/lang/TypeNotPresentException
Event: 4.973 loading class java/lang/TypeNotPresentException done
Event: 5.075 loading class sun/reflect/generics/scope/MethodScope
Event: 5.075 loading class sun/reflect/generics/scope/MethodScope done
Event: 5.075 loading class sun/reflect/generics/repository/MethodRepository
Event: 5.075 loading class sun/reflect/generics/repository/MethodRepository done
Event: 5.646 loading class java/util/EmptyStackException
Event: 5.646 loading class java/util/EmptyStackException done
Event: 5.661 loading class java/util/BitSet
Event: 5.662 loading class java/util/BitSet done
Event: 5.665 loading class java/util/PrimitiveIterator$OfInt
Event: 5.666 loading class java/util/PrimitiveIterator
Event: 5.666 loading class java/util/PrimitiveIterator done
Event: 5.666 loading class java/util/PrimitiveIterator$OfInt done
Event: 5.711 loading class java/util/function/IntUnaryOperator
Event: 5.711 loading class java/util/function/IntUnaryOperator done
Event: 5.818 loading class java/util/ArrayList$ListItr
Event: 5.818 loading class java/util/ArrayList$ListItr done


Dynamic libraries:
0x00007ff68a120000 - 0x00007ff68a130000 	C:\Program Files\Java\jdk-17\bin\java.exe
0x00007ffdd5770000 - 0x00007ffdd5987000 	C:\WINDOWS\SYSTEM32\ntdll.dll
0x00007ffdd46e0000 - 0x00007ffdd47a4000 	C:\WINDOWS\System32\KERNEL32.DLL
0x00007ffdd2e10000 - 0x00007ffdd31e1000 	C:\WINDOWS\System32\KERNELBASE.dll
0x00007ffdd2cf0000 - 0x00007ffdd2e01000 	C:\WINDOWS\System32\ucrtbase.dll
0x00007ffd713f0000 - 0x00007ffd71409000 	C:\Program Files\Java\jdk-17\bin\jli.dll
0x00007ffdd3500000 - 0x00007ffdd35b1000 	C:\WINDOWS\System32\ADVAPI32.dll
0x00007ffd4b220000 - 0x00007ffd4b23b000 	C:\Program Files\Java\jdk-17\bin\VCRUNTIME140.dll
0x00007ffdd3a30000 - 0x00007ffdd3ad7000 	C:\WINDOWS\System32\msvcrt.dll
0x00007ffdd4c30000 - 0x00007ffdd4cd7000 	C:\WINDOWS\System32\sechost.dll
0x00007ffdd2b50000 - 0x00007ffdd2b78000 	C:\WINDOWS\System32\bcrypt.dll
0x00007ffdd4430000 - 0x00007ffdd4544000 	C:\WINDOWS\System32\RPCRT4.dll
0x00007ffdd3ae0000 - 0x00007ffdd3c91000 	C:\WINDOWS\System32\USER32.dll
0x00007ffdd31f0000 - 0x00007ffdd3216000 	C:\WINDOWS\System32\win32u.dll
0x00007ffdd34d0000 - 0x00007ffdd34f9000 	C:\WINDOWS\System32\GDI32.dll
0x00007ffdd32a0000 - 0x00007ffdd33bb000 	C:\WINDOWS\System32\gdi32full.dll
0x00007ffdc1160000 - 0x00007ffdc13f2000 	C:\WINDOWS\WinSxS\amd64_microsoft.windows.common-controls_6595b64144ccf1df_6.0.22621.4830_none_270fe7d773858e80\COMCTL32.dll
0x00007ffdd2970000 - 0x00007ffdd2a0a000 	C:\WINDOWS\System32\msvcp_win.dll
0x00007ffdce450000 - 0x00007ffdce45a000 	C:\WINDOWS\SYSTEM32\VERSION.dll
0x00007ffdd43f0000 - 0x00007ffdd4421000 	C:\WINDOWS\System32\IMM32.DLL
0x00007ffdc3600000 - 0x00007ffdc360c000 	C:\Program Files\Java\jdk-17\bin\vcruntime140_1.dll
0x00007ffd33210000 - 0x00007ffd3329e000 	C:\Program Files\Java\jdk-17\bin\msvcp140.dll
0x00007ffd1aa90000 - 0x00007ffd1b66f000 	C:\Program Files\Java\jdk-17\bin\server\jvm.dll
0x00007ffdd34c0000 - 0x00007ffdd34c8000 	C:\WINDOWS\System32\PSAPI.DLL
0x00007ffdce410000 - 0x00007ffdce444000 	C:\WINDOWS\SYSTEM32\WINMM.dll
0x00007ffdbc410000 - 0x00007ffdbc419000 	C:\WINDOWS\SYSTEM32\WSOCK32.dll
0x00007ffdd3950000 - 0x00007ffdd39c1000 	C:\WINDOWS\System32\WS2_32.dll
0x00007ffdd18d0000 - 0x00007ffdd18e8000 	C:\WINDOWS\SYSTEM32\kernel.appcore.dll
0x00007ffdb8590000 - 0x00007ffdb859a000 	C:\Program Files\Java\jdk-17\bin\jimage.dll
0x00007ffdd0530000 - 0x00007ffdd0762000 	C:\WINDOWS\SYSTEM32\DBGHELP.DLL
0x00007ffdd3ea0000 - 0x00007ffdd4230000 	C:\WINDOWS\System32\combase.dll
0x00007ffdd3cb0000 - 0x00007ffdd3d87000 	C:\WINDOWS\System32\OLEAUT32.dll
0x00007ffdc1440000 - 0x00007ffdc1472000 	C:\WINDOWS\SYSTEM32\dbgcore.DLL
0x00007ffdd33c0000 - 0x00007ffdd343b000 	C:\WINDOWS\System32\bcryptPrimitives.dll
0x00007ffd347e0000 - 0x00007ffd34805000 	C:\Program Files\Java\jdk-17\bin\java.dll
0x00007ffd2bbc0000 - 0x00007ffd2bc97000 	C:\Program Files\Java\jdk-17\bin\jsvml.dll
0x00007ffdd4e90000 - 0x00007ffdd5718000 	C:\WINDOWS\System32\SHELL32.dll
0x00007ffdd2a10000 - 0x00007ffdd2b4f000 	C:\WINDOWS\System32\wintypes.dll
0x00007ffdd07c0000 - 0x00007ffdd10cd000 	C:\WINDOWS\SYSTEM32\windows.storage.dll
0x00007ffdd4280000 - 0x00007ffdd438a000 	C:\WINDOWS\System32\SHCORE.dll
0x00007ffdd4390000 - 0x00007ffdd43ee000 	C:\WINDOWS\System32\shlwapi.dll
0x00007ffdd27e0000 - 0x00007ffdd280b000 	C:\WINDOWS\SYSTEM32\profapi.dll
0x00007ffd34da0000 - 0x00007ffd34db9000 	C:\Program Files\Java\jdk-17\bin\net.dll
0x00007ffdce2e0000 - 0x00007ffdce40c000 	C:\WINDOWS\SYSTEM32\WINHTTP.dll
0x00007ffdd1d50000 - 0x00007ffdd1dba000 	C:\WINDOWS\system32\mswsock.dll
0x00007ffd34b10000 - 0x00007ffd34b26000 	C:\Program Files\Java\jdk-17\bin\nio.dll
0x00007ffd347c0000 - 0x00007ffd347d8000 	C:\Program Files\Java\jdk-17\bin\zip.dll
0x00007ffdc92f0000 - 0x00007ffdc9300000 	C:\Program Files\Java\jdk-17\bin\verify.dll

dbghelp: loaded successfully - version: 4.0.5 - missing functions: none
symbol engine: initialized successfully - sym options: 0x614 - pdb path: .;C:\Program Files\Java\jdk-17\bin;C:\WINDOWS\SYSTEM32;C:\WINDOWS\WinSxS\amd64_microsoft.windows.common-controls_6595b64144ccf1df_6.0.22621.4830_none_270fe7d773858e80;C:\Program Files\Java\jdk-17\bin\server

VM Arguments:
java_command: org.jetbrains.kotlin.cli.jvm.K2JVMCompiler @C:\Users\LENOVO\Downloads\ATS-Developer\ATS-Developer\android\app\build\20250409_18398237059303996505.compiler.options
java_class_path (initial): C:\Users\LENOVO\.gradle\caches\modules-2\files-2.1\org.jetbrains.kotlin\kotlin-compiler-embeddable\1.8.0\eb9118d4bcceaa2a94b2ae2a33a4ddba7c9a947f\kotlin-compiler-embeddable-1.8.0.jar;C:\Users\LENOVO\.gradle\caches\modules-2\files-2.1\org.jetbrains.kotlin\kotlin-stdlib\1.8.0\1796921c7a3e2e2665a83e6c8d33399336cd39bc\kotlin-stdlib-1.8.0.jar;C:\Users\LENOVO\.gradle\caches\modules-2\files-2.1\org.jetbrains.kotlin\kotlin-script-runtime\1.8.0\b2f7e760d283cb339974851c222a4c1d48f2d3d\kotlin-script-runtime-1.8.0.jar;C:\Users\LENOVO\.gradle\caches\modules-2\files-2.1\org.jetbrains.kotlin\kotlin-reflect\1.6.10\1cbe9c92c12a94eea200d23c2bbaedaf3daf5132\kotlin-reflect-1.6.10.jar;C:\Users\LENOVO\.gradle\caches\modules-2\files-2.1\org.jetbrains.kotlin\kotlin-daemon-embeddable\1.8.0\d255216c551685dc3a7e852b53617f5f01aaaa5c\kotlin-daemon-embeddable-1.8.0.jar;C:\Users\LENOVO\.gradle\caches\modules-2\files-2.1\org.jetbrains.intellij.deps\trove4j\1.0.20200330\3afb14d5f9ceb459d724e907a21145e8ff394f02\trove4j-1.0.20200330.jar;C:\Users\LENOVO\.gradle\caches\modules-2\files-2.1\net.java.dev.jna\jna\5.6.0\330f2244e9030119ab3030fc3fededc86713d9cc\jna-5.6.0.jar;C:\Users\LENOVO\.gradle\caches\modules-2\files-2.1\org.jetbrains.kotlin\kotlin-stdlib-common\1.8.0\f7197e7cc76453ac59f8b0f8d5137cc600becd36\kotlin-stdlib-common-1.8.0.jar;C:\Users\LENOVO\.gradle\caches\modules-2\files-2.1\org.jetbrains\annotations\13.0\919f0dfe192fb4e063e7dacadee7f8bb9a2672a9\annotations-13.0.jar
Launcher Type: SUN_STANDARD

[Global flags]
     intx CICompilerCount                          = 12                                        {product} {ergonomic}
     uint ConcGCThreads                            = 3                                         {product} {ergonomic}
     uint G1ConcRefinementThreads                  = 13                                        {product} {ergonomic}
   size_t G1HeapRegionSize                         = 1048576                                   {product} {ergonomic}
    uintx GCDrainStackTargetSize                   = 64                                        {product} {ergonomic}
   size_t InitialHeapSize                          = 98566144                                  {product} {ergonomic}
   size_t MarkStackSize                            = 4194304                                   {product} {ergonomic}
   size_t MaxHeapSize                              = 1574961152                                {product} {ergonomic}
   size_t MaxNewSize                               = 944766976                                 {product} {ergonomic}
   size_t MinHeapDeltaBytes                        = 1048576                                   {product} {ergonomic}
   size_t MinHeapSize                              = 8388608                                   {product} {ergonomic}
    uintx NonNMethodCodeHeapSize                   = 7602480                                {pd product} {ergonomic}
    uintx NonProfiledCodeHeapSize                  = 122027880                              {pd product} {ergonomic}
    uintx ProfiledCodeHeapSize                     = 122027880                              {pd product} {ergonomic}
    uintx ReservedCodeCacheSize                    = 251658240                              {pd product} {ergonomic}
     bool SegmentedCodeCache                       = true                                      {product} {ergonomic}
   size_t SoftMaxHeapSize                          = 1574961152                             {manageable} {ergonomic}
     bool UseCompressedClassPointers               = true                           {product lp64_product} {ergonomic}
     bool UseCompressedOops                        = true                           {product lp64_product} {ergonomic}
     bool UseG1GC                                  = true                                      {product} {ergonomic}
     bool UseLargePagesIndividualAllocation        = false                                  {pd product} {ergonomic}

Logging:
Log output configuration:
 #0: stdout all=warning uptime,level,tags
 #1: stderr all=off uptime,level,tags

Environment Variables:
CLASSPATH=C:\Users\LENOVO\Downloads\ATS-Developer\ATS-Developer\android\\gradle\wrapper\gradle-wrapper.jar
PATH=C:\Users\LENOVO\Downloads\ATS-Developer\ATS-Developer\node_modules\.bin;C:\Users\LENOVO\Downloads\ATS-Developer\ATS-Developer\node_modules\.bin;C:\Users\LENOVO\Downloads\ATS-Developer\node_modules\.bin;C:\Users\LENOVO\Downloads\node_modules\.bin;C:\Users\LENOVO\node_modules\.bin;C:\Users\node_modules\.bin;C:\node_modules\.bin;C:\Program Files\nodejs\node_modules\npm\node_modules\@npmcli\run-script\lib\node-gyp-bin;C:\Users\LENOVO\Downloads\ATS-Developer\ATS-Developer\node_modules\.bin;C:\Users\LENOVO\Downloads\ATS-Developer\node_modules\.bin;C:\Users\LENOVO\Downloads\node_modules\.bin;C:\Users\LENOVO\node_modules\.bin;C:\Users\node_modules\.bin;C:\node_modules\.bin;C:\Program Files\nodejs\node_modules\npm\node_modules\@npmcli\run-script\lib\node-gyp-bin;C:\Program Files\Common Files\Oracle\Java\javapath;C:\oraclexe\app\oracle\product\11.2.0\server\bin;;C:\Program Files (x86)\Common Files\Oracle\Java\javapath;C:\WINDOWS\system32;C:\WINDOWS;C:\WINDOWS\System32\Wbem;C:\WINDOWS\System32\WindowsPowerShell\v1.0\;C:\WINDOWS\System32\OpenSSH\;C:\Program Files\Java\jdk-17.0.2\bin;C:\ProgramData\chocolatey\bin;C:\Program Files\dotnet\;C:\Program Files\Git\cmd;C:\WINDOWS\system32;C:\WINDOWS;C:\WINDOWS\System32\Wbem;C:\WINDOWS\System32\WindowsPowerShell\v1.0\;C:\WINDOWS\System32\OpenSSH\;C:\Program Files\Android\Android Studio\bin;C:\Users\LENOVO\AppData\Local\Android\Sdk\platform-tools;C:\Program Files\nodejs\;C:\Program Files\PuTTY\;C:\Program Files\Cloudflare\Cloudflare WARP\;C:\Users\LENOVO\AppData\Local\Programs\Python\Python39\Scripts\;C:\Users\LENOVO\AppData\Local\Programs\Python\Python39\;C:\Users\LENOVO\AppData\Local\Android\Sdk\tools;C:\Users\LENOVO\AppData\Local\Microsoft\WindowsApps;C:\Users\LENOVO\AppData\Local\Programs\Microsoft VS Code\bin;C:\Users\LENOVO\.dotnet\tools;C:\Users\LENOVO\AppData\Local\Android\Sdk\platform-tools;C:\Users\LENOVO\AppData\Roaming\npm
USERNAME=LENOVO
LANG=en_US.UTF-8
OS=Windows_NT
PROCESSOR_IDENTIFIER=AMD64 Family 23 Model 104 Stepping 1, AuthenticAMD



---------------  S Y S T E M  ---------------

OS:
 Windows 11 , 64 bit Build 22621 (10.0.22621.4974)
OS uptime: 1 days 1:45 hours
Hyper-V role detected

CPU: total 16 (initial active 16) (16 cores per cpu, 2 threads per core) family 23 model 104 stepping 1 microcode 0x0, cx8, cmov, fxsr, ht, mmx, 3dnowpref, sse, sse2, sse3, ssse3, sse4a, sse4.1, sse4.2, popcnt, lzcnt, tsc, tscinvbit, avx, avx2, aes, clmul, bmi1, bmi2, adx, sha, fma, vzeroupper, clflush, clflushopt, hv

Memory: 4k page, system-wide physical 6005M (219M free)
TotalPageFile size 24437M (AvailPageFile size 4M)
current process WorkingSet (physical memory assigned to process): 199M, peak: 199M
current process commit charge ("private bytes"): 264M, peak: 265M

vm_info: Java HotSpot(TM) 64-Bit Server VM (17.0.10+11-LTS-240) for windows-amd64 JRE (17.0.10+11-LTS-240), built on Dec 19 2023 21:47:25 by "mach5one" with MS VC++ 17.1 (VS2022)

END.
